[INFO]test_level1.py:28-15:22:11.901-清空该用户所有便签
[INFO]logs_create.py:54-15:22:23.358----------------------------------------------------
[INFO]logs_create.py:58-15:22:23.362-TestCase: testCase_01 of class NotesvrWebGetnotesRemindleve1
[INFO]logs_create.py:59-15:22:23.371-Describe: 查看日历下便签
[INFO]test_level1.py:34-15:22:23.371-添加日历便签
[INFO]test_level1.py:37-15:22:24.591-['1686900143394', '1686900143777', '1686900144187']
[INFO]test_level1.py:39-15:22:24.599-用户A查看日历下便签
[INFO]request_demo.py:25-15:22:24.601-requests url :http://http://note-api.wps.cn/v3/notesvr/web/getnotes/remind
[INFO]request_demo.py:26-15:22:24.639-requests body: {"remindStartTime": 1684200250000, "remindEndTime": 1686900144601, "startIndex": 0, "rows": 10}
[INFO]request_demo.py:27-15:22:24.650-requests headers :{'x-user-key': '592042554', 'Content-Type': 'application/json', 'Cookie': 'wps_sid=V02SZu4lpjf3DiylsVpoHLOTVee43F000a5a681c002349da3a'}
[INFO]test_level1.py:28-15:23:56.230-清空该用户所有便签
[INFO]logs_create.py:54-15:23:56.741----------------------------------------------------
[INFO]logs_create.py:58-15:23:56.741-TestCase: testCase_01 of class NotesvrWebGetnotesRemindleve1
[INFO]logs_create.py:59-15:23:56.741-Describe: 查看日历下便签
[INFO]test_level1.py:34-15:23:56.752-添加日历便签
[INFO]test_level1.py:37-15:23:57.982-['1686900236759', '1686900237175', '1686900237568']
[INFO]test_level1.py:39-15:23:57.982-用户A查看日历下便签
[INFO]request_demo.py:25-15:23:57.982-requests url :http://note-api.wps.cn/v3/notesvr/web/getnotes/remind
[INFO]request_demo.py:26-15:23:58.002-requests body: {"remindStartTime": 1684200250000, "remindEndTime": 1686900237982, "startIndex": 0, "rows": 10}
[INFO]request_demo.py:27-15:23:58.002-requests headers :{'x-user-key': '592042554', 'Content-Type': 'application/json', 'Cookie': 'wps_sid=V02SZu4lpjf3DiylsVpoHLOTVee43F000a5a681c002349da3a'}
[INFO]request_demo.py:29-15:23:58.167-res code :200
[INFO]request_demo.py:30-15:23:58.192-res body :{"responseTime":0,"webNotes":[{"noteId":"1686900237568","createTime":1686900237549,"star":1,"remindTime":1686900237568,"remindType":0,"infoVersion":1,"infoUpdateTime":1686900237549,"groupId":null,"title":"text","summary":"text","thumbnail":null,"contentVersion":1,"contentUpdateTime":1686900237755},{"noteId":"1686900237175","createTime":1686900237129,"star":1,"remindTime":1686900237175,"remindType":0,"infoVersion":1,"infoUpdateTime":1686900237129,"groupId":null,"title":"text","summary":"text","thumbnail":null,"contentVersion":1,"contentUpdateTime":1686900237345},{"noteId":"1686900236759","createTime":1686900236694,"star":1,"remindTime":1686900236759,"remindType":0,"infoVersion":1,"infoUpdateTime":1686900236694,"groupId":null,"title":"text","summary":"text","thumbnail":null,"contentVersion":1,"contentUpdateTime":1686900236950},{"noteId":"1686900144187","createTime":1686900144136,"star":1,"remindTime":1686900144187,"remindType":0,"infoVersion":1,"infoUpdateTime":1686900144136,"groupId":null,"title":"text","summary":"text","thumbnail":null,"contentVersion":1,"contentUpdateTime":1686900144355},{"noteId":"1686900143777","createTime":1686900143745,"star":1,"remindTime":1686900143777,"remindType":0,"infoVersion":1,"infoUpdateTime":1686900143745,"groupId":null,"title":"text","summary":"text","thumbnail":null,"contentVersion":1,"contentUpdateTime":1686900143956},{"noteId":"1686900143394","createTime":1686900143365,"star":1,"remindTime":1686900143394,"remindType":0,"infoVersion":1,"infoUpdateTime":1686900143365,"groupId":null,"title":"text","summary":"text","thumbnail":null,"contentVersion":1,"contentUpdateTime":1686900143565},{"noteId":"9be68009c7eb18b1853e29bbd8d6cc10","createTime":1686582590986,"star":0,"remindTime":1686583800000,"remindType":1,"infoVersion":1,"infoUpdateTime":1686582590986,"groupId":null,"title":"HIDjM9ZKuZSh8x8DkHDFIQ==","summary":"mx8x9c5VdFblFQ+vYne0rw==","thumbnail":null,"contentVersion":1,"contentUpdateTime":1686582591102}]}
[INFO]test_level1.py:28-15:23:58.192-清空该用户所有便签
[INFO]logs_create.py:54-15:23:58.398----------------------------------------------------
[INFO]logs_create.py:58-15:23:58.413-TestCase: testCase_02_0_remindStartTime of class NotesvrWebGetnotesRemindleve1
[INFO]logs_create.py:59-15:23:58.418-Describe: 查看日历下便签必填项缺失 [with key='remindStartTime']
[INFO]test_level1.py:55-15:23:58.434-用户A查看日历下便签必填项缺失
[INFO]request_demo.py:25-15:23:58.478-requests url :http://note-api.wps.cn/v3/notesvr/web/getnotes/remind
[INFO]request_demo.py:26-15:23:58.493-requests body: {"remindEndTime": 1686900238478, "startIndex": 0, "rows": 10}
[INFO]request_demo.py:27-15:23:58.502-requests headers :{'x-user-key': '592042554', 'Content-Type': 'application/json', 'Cookie': 'wps_sid=V02SZu4lpjf3DiylsVpoHLOTVee43F000a5a681c002349da3a'}
[INFO]request_demo.py:29-15:23:58.622-res code :412
[INFO]request_demo.py:30-15:23:58.643-res body :{"errorCode":-7,"errorMsg":"remindTime Requested!"}
[INFO]test_level1.py:28-15:23:58.659-清空该用户所有便签
[INFO]logs_create.py:54-15:23:58.883----------------------------------------------------
[INFO]logs_create.py:58-15:23:58.894-TestCase: testCase_02_1_remindEndTime of class NotesvrWebGetnotesRemindleve1
[INFO]logs_create.py:59-15:23:58.901-Describe: 查看日历下便签必填项缺失 [with key='remindEndTime']
[INFO]test_level1.py:55-15:23:58.902-用户A查看日历下便签必填项缺失
[INFO]request_demo.py:25-15:23:58.910-requests url :http://note-api.wps.cn/v3/notesvr/web/getnotes/remind
[INFO]request_demo.py:26-15:23:58.910-requests body: {"remindStartTime": 1686900238910, "startIndex": 0, "rows": 10}
[INFO]request_demo.py:27-15:23:58.925-requests headers :{'x-user-key': '592042554', 'Content-Type': 'application/json', 'Cookie': 'wps_sid=V02SZu4lpjf3DiylsVpoHLOTVee43F000a5a681c002349da3a'}
[INFO]request_demo.py:29-15:23:59.034-res code :412
[INFO]request_demo.py:30-15:23:59.048-res body :{"errorCode":-7,"errorMsg":"remindTime Requested!"}
[INFO]test_level1.py:28-15:23:59.048-清空该用户所有便签
[INFO]logs_create.py:54-15:23:59.244----------------------------------------------------
[INFO]logs_create.py:58-15:23:59.276-TestCase: testCase_02_2_startIndex of class NotesvrWebGetnotesRemindleve1
[INFO]logs_create.py:59-15:23:59.294-Describe: 查看日历下便签必填项缺失 [with key='startIndex']
[INFO]test_level1.py:55-15:23:59.303-用户A查看日历下便签必填项缺失
[INFO]request_demo.py:25-15:23:59.315-requests url :http://note-api.wps.cn/v3/notesvr/web/getnotes/remind
[INFO]request_demo.py:26-15:23:59.323-requests body: {"remindStartTime": 1686900239315, "remindEndTime": 1686900239315, "rows": 10}
[INFO]request_demo.py:27-15:23:59.323-requests headers :{'x-user-key': '592042554', 'Content-Type': 'application/json', 'Cookie': 'wps_sid=V02SZu4lpjf3DiylsVpoHLOTVee43F000a5a681c002349da3a'}
[INFO]request_demo.py:29-15:23:59.437-res code :200
[INFO]request_demo.py:30-15:23:59.446-res body :{"responseTime":0,"webNotes":[]}
[INFO]test_level1.py:28-15:23:59.461-清空该用户所有便签
[INFO]logs_create.py:54-15:23:59.682----------------------------------------------------
[INFO]logs_create.py:58-15:23:59.682-TestCase: testCase_02_3_rows of class NotesvrWebGetnotesRemindleve1
[INFO]logs_create.py:59-15:23:59.682-Describe: 查看日历下便签必填项缺失 [with key='rows']
[INFO]test_level1.py:55-15:23:59.698-用户A查看日历下便签必填项缺失
[INFO]request_demo.py:25-15:23:59.698-requests url :http://note-api.wps.cn/v3/notesvr/web/getnotes/remind
[INFO]request_demo.py:26-15:23:59.698-requests body: {"remindStartTime": 1686900239698, "remindEndTime": 1686900239698, "startIndex": 0}
[INFO]request_demo.py:27-15:23:59.719-requests headers :{'x-user-key': '592042554', 'Content-Type': 'application/json', 'Cookie': 'wps_sid=V02SZu4lpjf3DiylsVpoHLOTVee43F000a5a681c002349da3a'}
[INFO]request_demo.py:29-15:23:59.840-res code :200
[INFO]request_demo.py:30-15:23:59.843-res body :{"responseTime":0,"webNotes":[]}
[INFO]test_level2.py:28-15:29:12.834-清空该用户所有便签
[INFO]logs_create.py:54-15:29:13.084----------------------------------------------------
[INFO]logs_create.py:58-15:29:13.084-TestCase: testCase_01 of class NotesvrWebGetnotesRemindleve2
[INFO]logs_create.py:59-15:29:13.084-Describe: 查看日历下便签_2条便签
[INFO]test_level2.py:34-15:29:13.098-添加日历便签
[INFO]test_level2.py:37-15:29:13.842-['1686900553102', '1686900553458']
[INFO]test_level2.py:39-15:29:13.846-用户A查看日历下便签
[INFO]request_demo.py:25-15:29:13.849-requests url :http://note-api.wps.cn/v3/notesvr/web/getnotes/remind
[INFO]request_demo.py:26-15:29:13.849-requests body: {"remindStartTime": 1684200250000, "remindEndTime": 1686900553849, "startIndex": 0, "rows": 10}
[INFO]request_demo.py:27-15:29:13.859-requests headers :{'x-user-key': '592042554', 'Content-Type': 'application/json', 'Cookie': 'wps_sid=V02SZu4lpjf3DiylsVpoHLOTVee43F000a5a681c002349da3a'}
[INFO]request_demo.py:29-15:29:13.971-res code :200
[INFO]request_demo.py:30-15:29:13.989-res body :{"responseTime":0,"webNotes":[{"noteId":"1686900553458","createTime":1686900553437,"star":1,"remindTime":1686900553458,"remindType":0,"infoVersion":1,"infoUpdateTime":1686900553437,"groupId":null,"title":"text","summary":"text","thumbnail":null,"contentVersion":1,"contentUpdateTime":1686900553629},{"noteId":"1686900553102","createTime":1686900553055,"star":1,"remindTime":1686900553102,"remindType":0,"infoVersion":1,"infoUpdateTime":1686900553055,"groupId":null,"title":"text","summary":"text","thumbnail":null,"contentVersion":1,"contentUpdateTime":1686900553213},{"noteId":"1686900237568","createTime":1686900237549,"star":1,"remindTime":1686900237568,"remindType":0,"infoVersion":1,"infoUpdateTime":1686900237549,"groupId":null,"title":"text","summary":"text","thumbnail":null,"contentVersion":1,"contentUpdateTime":1686900237755},{"noteId":"1686900237175","createTime":1686900237129,"star":1,"remindTime":1686900237175,"remindType":0,"infoVersion":1,"infoUpdateTime":1686900237129,"groupId":null,"title":"text","summary":"text","thumbnail":null,"contentVersion":1,"contentUpdateTime":1686900237345},{"noteId":"1686900236759","createTime":1686900236694,"star":1,"remindTime":1686900236759,"remindType":0,"infoVersion":1,"infoUpdateTime":1686900236694,"groupId":null,"title":"text","summary":"text","thumbnail":null,"contentVersion":1,"contentUpdateTime":1686900236950},{"noteId":"1686900144187","createTime":1686900144136,"star":1,"remindTime":1686900144187,"remindType":0,"infoVersion":1,"infoUpdateTime":1686900144136,"groupId":null,"title":"text","summary":"text","thumbnail":null,"contentVersion":1,"contentUpdateTime":1686900144355},{"noteId":"1686900143777","createTime":1686900143745,"star":1,"remindTime":1686900143777,"remindType":0,"infoVersion":1,"infoUpdateTime":1686900143745,"groupId":null,"title":"text","summary":"text","thumbnail":null,"contentVersion":1,"contentUpdateTime":1686900143956},{"noteId":"1686900143394","createTime":1686900143365,"star":1,"remindTime":1686900143394,"remindType":0,"infoVersion":1,"infoUpdateTime":1686900143365,"groupId":null,"title":"text","summary":"text","thumbnail":null,"contentVersion":1,"contentUpdateTime":1686900143565},{"noteId":"9be68009c7eb18b1853e29bbd8d6cc10","createTime":1686582590986,"star":0,"remindTime":1686583800000,"remindType":1,"infoVersion":1,"infoUpdateTime":1686582590986,"groupId":null,"title":"HIDjM9ZKuZSh8x8DkHDFIQ==","summary":"mx8x9c5VdFblFQ+vYne0rw==","thumbnail":null,"contentVersion":1,"contentUpdateTime":1686582591102}]}
[INFO]test_level2.py:28-15:30:34.406-清空该用户所有便签
[INFO]logs_create.py:54-15:30:45.685----------------------------------------------------
[INFO]logs_create.py:58-15:30:45.697-TestCase: testCase_01 of class NotesvrWebGetnotesRemindleve2
[INFO]logs_create.py:59-15:30:45.712-Describe: 查看日历下便签_2条便签
[INFO]test_level2.py:34-15:30:45.713-添加日历便签
[INFO]test_level2.py:37-15:30:46.512-['1686900645729', '1686900646114']
[INFO]test_level2.py:39-15:30:46.527-用户A查看日历下便签
[INFO]request_demo.py:25-15:30:46.539-requests url :http://note-api.wps.cn/v3/notesvr/web/getnotes/remind
[INFO]request_demo.py:26-15:30:46.543-requests body: {"remindStartTime": 1684200250000, "remindEndTime": 1686900646539, "startIndex": 0, "rows": 10}
[INFO]request_demo.py:27-15:30:46.543-requests headers :{'x-user-key': '592042554', 'Content-Type': 'application/json', 'Cookie': 'wps_sid=V02SZu4lpjf3DiylsVpoHLOTVee43F000a5a681c002349da3a'}
[INFO]request_demo.py:29-15:30:46.691-res code :200
[INFO]request_demo.py:30-15:30:46.711-res body :{"responseTime":0,"webNotes":[{"noteId":"1686900646114","createTime":1686900646068,"star":1,"remindTime":1686900646114,"remindType":0,"infoVersion":1,"infoUpdateTime":1686900646068,"groupId":null,"title":"text","summary":"text","thumbnail":null,"contentVersion":1,"contentUpdateTime":1686900646302},{"noteId":"1686900645729","createTime":1686900645698,"star":1,"remindTime":1686900645729,"remindType":0,"infoVersion":1,"infoUpdateTime":1686900645698,"groupId":null,"title":"text","summary":"text","thumbnail":null,"contentVersion":1,"contentUpdateTime":1686900645876},{"noteId":"1686900553458","createTime":1686900553437,"star":1,"remindTime":1686900553458,"remindType":0,"infoVersion":1,"infoUpdateTime":1686900553437,"groupId":null,"title":"text","summary":"text","thumbnail":null,"contentVersion":1,"contentUpdateTime":1686900553629},{"noteId":"1686900553102","createTime":1686900553055,"star":1,"remindTime":1686900553102,"remindType":0,"infoVersion":1,"infoUpdateTime":1686900553055,"groupId":null,"title":"text","summary":"text","thumbnail":null,"contentVersion":1,"contentUpdateTime":1686900553213},{"noteId":"1686900237568","createTime":1686900237549,"star":1,"remindTime":1686900237568,"remindType":0,"infoVersion":1,"infoUpdateTime":1686900237549,"groupId":null,"title":"text","summary":"text","thumbnail":null,"contentVersion":1,"contentUpdateTime":1686900237755},{"noteId":"1686900237175","createTime":1686900237129,"star":1,"remindTime":1686900237175,"remindType":0,"infoVersion":1,"infoUpdateTime":1686900237129,"groupId":null,"title":"text","summary":"text","thumbnail":null,"contentVersion":1,"contentUpdateTime":1686900237345},{"noteId":"1686900236759","createTime":1686900236694,"star":1,"remindTime":1686900236759,"remindType":0,"infoVersion":1,"infoUpdateTime":1686900236694,"groupId":null,"title":"text","summary":"text","thumbnail":null,"contentVersion":1,"contentUpdateTime":1686900236950},{"noteId":"1686900144187","createTime":1686900144136,"star":1,"remindTime":1686900144187,"remindType":0,"infoVersion":1,"infoUpdateTime":1686900144136,"groupId":null,"title":"text","summary":"text","thumbnail":null,"contentVersion":1,"contentUpdateTime":1686900144355},{"noteId":"1686900143777","createTime":1686900143745,"star":1,"remindTime":1686900143777,"remindType":0,"infoVersion":1,"infoUpdateTime":1686900143745,"groupId":null,"title":"text","summary":"text","thumbnail":null,"contentVersion":1,"contentUpdateTime":1686900143956},{"noteId":"1686900143394","createTime":1686900143365,"star":1,"remindTime":1686900143394,"remindType":0,"infoVersion":1,"infoUpdateTime":1686900143365,"groupId":null,"title":"text","summary":"text","thumbnail":null,"contentVersion":1,"contentUpdateTime":1686900143565}]}
[INFO]test_level1.py:28-15:34:03.866-清空该用户所有便签
[INFO]logs_create.py:54-15:34:15.168----------------------------------------------------
[INFO]logs_create.py:58-15:34:15.184-TestCase: testCase_major of class NotesvrWebGetnotesRemindleve1
[INFO]logs_create.py:59-15:34:15.184-Describe: 查看日历下便签
[INFO]test_level1.py:34-15:34:15.199-添加日历便签
[INFO]test_level1.py:37-15:34:16.285-['1686900855199', '1686900855562', '1686900855940']
[INFO]test_level1.py:39-15:34:16.301-用户A查看日历下便签
[INFO]request_demo.py:25-15:34:16.301-requests url :http://note-api.wps.cn/v3/notesvr/web/getnotes/remind
[INFO]request_demo.py:26-15:34:16.316-requests body: {"remindStartTime": 1684200250000, "remindEndTime": 1686900856301, "startIndex": 0, "rows": 10}
[INFO]request_demo.py:27-15:34:16.316-requests headers :{'x-user-key': '592042554', 'Content-Type': 'application/json', 'Cookie': 'wps_sid=V02SZu4lpjf3DiylsVpoHLOTVee43F000a5a681c002349da3a'}
[INFO]request_demo.py:29-15:34:16.441-res code :200
[INFO]request_demo.py:30-15:34:16.457-res body :{"responseTime":0,"webNotes":[{"noteId":"1686900855940","createTime":1686900855908,"star":1,"remindTime":1686900855940,"remindType":0,"infoVersion":1,"infoUpdateTime":1686900855908,"groupId":null,"title":"text","summary":"text","thumbnail":null,"contentVersion":1,"contentUpdateTime":1686900856035},{"noteId":"1686900855562","createTime":1686900855544,"star":1,"remindTime":1686900855562,"remindType":0,"infoVersion":1,"infoUpdateTime":1686900855544,"groupId":null,"title":"text","summary":"text","thumbnail":null,"contentVersion":1,"contentUpdateTime":1686900855695},{"noteId":"1686900855199","createTime":1686900855130,"star":1,"remindTime":1686900855199,"remindType":0,"infoVersion":1,"infoUpdateTime":1686900855130,"groupId":null,"title":"text","summary":"text","thumbnail":null,"contentVersion":1,"contentUpdateTime":1686900855353},{"noteId":"1686900646114","createTime":1686900646068,"star":1,"remindTime":1686900646114,"remindType":0,"infoVersion":1,"infoUpdateTime":1686900646068,"groupId":null,"title":"text","summary":"text","thumbnail":null,"contentVersion":1,"contentUpdateTime":1686900646302},{"noteId":"1686900645729","createTime":1686900645698,"star":1,"remindTime":1686900645729,"remindType":0,"infoVersion":1,"infoUpdateTime":1686900645698,"groupId":null,"title":"text","summary":"text","thumbnail":null,"contentVersion":1,"contentUpdateTime":1686900645876},{"noteId":"1686900553458","createTime":1686900553437,"star":1,"remindTime":1686900553458,"remindType":0,"infoVersion":1,"infoUpdateTime":1686900553437,"groupId":null,"title":"text","summary":"text","thumbnail":null,"contentVersion":1,"contentUpdateTime":1686900553629},{"noteId":"1686900553102","createTime":1686900553055,"star":1,"remindTime":1686900553102,"remindType":0,"infoVersion":1,"infoUpdateTime":1686900553055,"groupId":null,"title":"text","summary":"text","thumbnail":null,"contentVersion":1,"contentUpdateTime":1686900553213},{"noteId":"1686900237568","createTime":1686900237549,"star":1,"remindTime":1686900237568,"remindType":0,"infoVersion":1,"infoUpdateTime":1686900237549,"groupId":null,"title":"text","summary":"text","thumbnail":null,"contentVersion":1,"contentUpdateTime":1686900237755},{"noteId":"1686900237175","createTime":1686900237129,"star":1,"remindTime":1686900237175,"remindType":0,"infoVersion":1,"infoUpdateTime":1686900237129,"groupId":null,"title":"text","summary":"text","thumbnail":null,"contentVersion":1,"contentUpdateTime":1686900237345},{"noteId":"1686900236759","createTime":1686900236694,"star":1,"remindTime":1686900236759,"remindType":0,"infoVersion":1,"infoUpdateTime":1686900236694,"groupId":null,"title":"text","summary":"text","thumbnail":null,"contentVersion":1,"contentUpdateTime":1686900236950}]}
[INFO]test_level_1.py:19-15:35:30.517-清空该用户所有便签
[INFO]logs_create.py:54-15:35:41.830----------------------------------------------------
[INFO]logs_create.py:58-15:35:41.843-TestCase: testCase_major of class NotesUserlevel1
[INFO]logs_create.py:59-15:35:41.851-Describe: 获取首页便签主流程
[INFO]test_level_1.py:25-15:35:41.858-添加便签
[INFO]test_level_1.py:28-15:35:42.978-['1686900941858', '1686900942245', '1686900942615']
[INFO]test_level_1.py:30-15:35:42.993-获取用户A的首页便签
[INFO]request_demo.py:13-15:35:42.998-requests url :http://note-api.wps.cn/v3/notesvr/user/592042554/home/startindex/0/rows/10/notes
[INFO]request_demo.py:14-15:35:42.998-requests headers :{'X-user-key': '592042554', 'Content-Type': 'application/json', 'Cookie': 'wps_sid=V02SZu4lpjf3DiylsVpoHLOTVee43F000a5a681c002349da3a'}
[INFO]request_demo.py:16-15:35:43.136-res code :200
[INFO]request_demo.py:17-15:35:43.167-res body :{"responseTime":0,"webNotes":[{"noteId":"1686900942615","createTime":1686900942571,"star":1,"remindTime":0,"remindType":0,"infoVersion":1,"infoUpdateTime":1686900942571,"groupId":null,"title":"text","summary":"text","thumbnail":null,"contentVersion":1,"contentUpdateTime":1686900942727},{"noteId":"1686900942245","createTime":1686900942214,"star":1,"remindTime":0,"remindType":0,"infoVersion":1,"infoUpdateTime":1686900942214,"groupId":null,"title":"text","summary":"text","thumbnail":null,"contentVersion":1,"contentUpdateTime":1686900942355},{"noteId":"1686900941858","createTime":1686900941800,"star":1,"remindTime":0,"remindType":0,"infoVersion":1,"infoUpdateTime":1686900941800,"groupId":null,"title":"text","summary":"text","thumbnail":null,"contentVersion":1,"contentUpdateTime":1686900942033}]}
[INFO]test_level2.py:28-15:37:05.513-清空该用户所有便签
[INFO]clean_Usernote.py:33-15:37:17.593-该用户获取的比便签列表:{'responseTime': 0, 'webNotes': [{'noteId': '1686900942615', 'createTime': 1686900942571, 'star': 1, 'remindTime': 0, 'remindType': 0, 'infoVersion': 1, 'infoUpdateTime': 1686900942571, 'groupId': None, 'title': 'text', 'summary': 'text', 'thumbnail': None, 'contentVersion': 1, 'contentUpdateTime': 1686900942727}, {'noteId': '1686900942245', 'createTime': 1686900942214, 'star': 1, 'remindTime': 0, 'remindType': 0, 'infoVersion': 1, 'infoUpdateTime': 1686900942214, 'groupId': None, 'title': 'text', 'summary': 'text', 'thumbnail': None, 'contentVersion': 1, 'contentUpdateTime': 1686900942355}, {'noteId': '1686900941858', 'createTime': 1686900941800, 'star': 1, 'remindTime': 0, 'remindType': 0, 'infoVersion': 1, 'infoUpdateTime': 1686900941800, 'groupId': None, 'title': 'text', 'summary': 'text', 'thumbnail': None, 'contentVersion': 1, 'contentUpdateTime': 1686900942033}]}
[INFO]clean_Usernote.py:34-15:37:17.605-res3:{'responseTime': 23}
[INFO]logs_create.py:54-15:37:17.610----------------------------------------------------
[INFO]logs_create.py:58-15:37:17.617-TestCase: testCase_01 of class NotesvrWebGetnotesRemindleve2
[INFO]logs_create.py:59-15:37:17.619-Describe: 查看日历下便签_remindStartTime=remindEndTime
[INFO]test_level2.py:34-15:37:17.619-添加日历便签
[INFO]test_level2.py:37-15:37:18.414-['1686901037629', '1686901038033']
[INFO]test_level2.py:39-15:37:18.414-用户A查看日历下便签
[INFO]request_demo.py:25-15:37:18.414-requests url :http://note-api.wps.cn/v3/notesvr/web/getnotes/remind
[INFO]request_demo.py:26-15:37:18.414-requests body: {"remindStartTime": 1686901038414, "remindEndTime": 1686901038414, "startIndex": 0, "rows": 10}
[INFO]request_demo.py:27-15:37:18.428-requests headers :{'x-user-key': '592042554', 'Content-Type': 'application/json', 'Cookie': 'wps_sid=V02SZu4lpjf3DiylsVpoHLOTVee43F000a5a681c002349da3a'}
[INFO]request_demo.py:29-15:37:18.546-res code :200
[INFO]request_demo.py:30-15:37:18.555-res body :{"responseTime":0,"webNotes":[]}
[INFO]test_level2.py:28-15:38:33.855-清空该用户所有便签
[INFO]logs_create.py:54-15:38:45.179----------------------------------------------------
[INFO]logs_create.py:58-15:38:45.187-TestCase: testCase_02 of class NotesvrWebGetnotesRemindleve2
[INFO]logs_create.py:59-15:38:45.193-Describe: 查看日历下便签_remindStartTime<remindEndTime
[INFO]test_level2.py:55-15:38:45.198-添加日历便签
[INFO]test_level2.py:58-15:38:45.941-['1686901125201', '1686901125568']
[INFO]test_level2.py:60-15:38:45.941-用户A查看日历下便签
[INFO]request_demo.py:25-15:38:45.963-requests url :http://note-api.wps.cn/v3/notesvr/web/getnotes/remind
[INFO]request_demo.py:26-15:38:45.977-requests body: {"remindStartTime": 1684200250000, "remindEndTime": 1686901125963, "startIndex": 0, "rows": 10}
[INFO]request_demo.py:27-15:38:45.979-requests headers :{'x-user-key': '592042554', 'Content-Type': 'application/json', 'Cookie': 'wps_sid=V02SZu4lpjf3DiylsVpoHLOTVee43F000a5a681c002349da3a'}
[INFO]request_demo.py:29-15:38:46.132-res code :200
[INFO]request_demo.py:30-15:38:46.153-res body :{"responseTime":0,"webNotes":[{"noteId":"1686901125568","createTime":1686901125491,"star":1,"remindTime":1686901125568,"remindType":0,"infoVersion":1,"infoUpdateTime":1686901125491,"groupId":null,"title":"text","summary":"text","thumbnail":null,"contentVersion":1,"contentUpdateTime":1686901125679},{"noteId":"1686901125201","createTime":1686901125133,"star":1,"remindTime":1686901125201,"remindType":0,"infoVersion":1,"infoUpdateTime":1686901125133,"groupId":null,"title":"text","summary":"text","thumbnail":null,"contentVersion":1,"contentUpdateTime":1686901125359},{"noteId":"1686901038033","createTime":1686901038018,"star":1,"remindTime":1686901038033,"remindType":0,"infoVersion":1,"infoUpdateTime":1686901038018,"groupId":null,"title":"text","summary":"text","thumbnail":null,"contentVersion":1,"contentUpdateTime":1686901038206},{"noteId":"1686901037629","createTime":1686901037570,"star":1,"remindTime":1686901037629,"remindType":0,"infoVersion":1,"infoUpdateTime":1686901037570,"groupId":null,"title":"text","summary":"text","thumbnail":null,"contentVersion":1,"contentUpdateTime":1686901037777},{"noteId":"1686900855940","createTime":1686900855908,"star":1,"remindTime":1686900855940,"remindType":0,"infoVersion":1,"infoUpdateTime":1686900855908,"groupId":null,"title":"text","summary":"text","thumbnail":null,"contentVersion":1,"contentUpdateTime":1686900856035},{"noteId":"1686900855562","createTime":1686900855544,"star":1,"remindTime":1686900855562,"remindType":0,"infoVersion":1,"infoUpdateTime":1686900855544,"groupId":null,"title":"text","summary":"text","thumbnail":null,"contentVersion":1,"contentUpdateTime":1686900855695},{"noteId":"1686900855199","createTime":1686900855130,"star":1,"remindTime":1686900855199,"remindType":0,"infoVersion":1,"infoUpdateTime":1686900855130,"groupId":null,"title":"text","summary":"text","thumbnail":null,"contentVersion":1,"contentUpdateTime":1686900855353},{"noteId":"1686900646114","createTime":1686900646068,"star":1,"remindTime":1686900646114,"remindType":0,"infoVersion":1,"infoUpdateTime":1686900646068,"groupId":null,"title":"text","summary":"text","thumbnail":null,"contentVersion":1,"contentUpdateTime":1686900646302},{"noteId":"1686900645729","createTime":1686900645698,"star":1,"remindTime":1686900645729,"remindType":0,"infoVersion":1,"infoUpdateTime":1686900645698,"groupId":null,"title":"text","summary":"text","thumbnail":null,"contentVersion":1,"contentUpdateTime":1686900645876},{"noteId":"1686900553458","createTime":1686900553437,"star":1,"remindTime":1686900553458,"remindType":0,"infoVersion":1,"infoUpdateTime":1686900553437,"groupId":null,"title":"text","summary":"text","thumbnail":null,"contentVersion":1,"contentUpdateTime":1686900553629}]}
[INFO]test_level2.py:28-15:39:43.439-清空该用户所有便签
[INFO]logs_create.py:54-15:39:43.689----------------------------------------------------
[INFO]logs_create.py:58-15:39:43.689-TestCase: testCase_03 of class NotesvrWebGetnotesRemindleve2
[INFO]logs_create.py:59-15:39:43.704-Describe: 查看日历下便签_remindStartTime>remindEndTime
[INFO]test_level2.py:76-15:39:43.704-添加日历便签
[INFO]test_level2.py:79-15:39:44.485-['1686901183704', '1686901184107']
[INFO]test_level2.py:81-15:39:44.502-用户A查看日历下便签
[INFO]request_demo.py:25-15:39:44.503-requests url :http://note-api.wps.cn/v3/notesvr/web/getnotes/remind
[INFO]request_demo.py:26-15:39:44.518-requests body: {"remindStartTime": 1686901184503, "remindEndTime": 1684200250000, "startIndex": 0, "rows": 10}
[INFO]request_demo.py:27-15:39:44.518-requests headers :{'x-user-key': '592042554', 'Content-Type': 'application/json', 'Cookie': 'wps_sid=V02SZu4lpjf3DiylsVpoHLOTVee43F000a5a681c002349da3a'}
[INFO]request_demo.py:29-15:39:44.628-res code :412
[INFO]request_demo.py:30-15:39:44.631-res body :{"errorCode":-7,"errorMsg":"remindTime Requested!"}
[INFO]test_level2.py:28-15:42:21.673-清空该用户所有便签
[INFO]logs_create.py:54-15:42:21.904----------------------------------------------------
[INFO]logs_create.py:58-15:42:21.926-TestCase: testCase_03 of class NotesvrWebGetnotesRemindleve2
[INFO]logs_create.py:59-15:42:21.928-Describe: 查看日历下便签_remindStartTime>remindEndTime
[INFO]test_level2.py:76-15:42:21.939-添加日历便签
[INFO]test_level2.py:79-15:42:22.722-['1686901341939', '1686901342317']
[INFO]test_level2.py:81-15:42:22.730-用户A查看日历下便签
[INFO]request_demo.py:25-15:42:22.736-requests url :http://note-api.wps.cn/v3/notesvr/web/getnotes/remind
[INFO]request_demo.py:26-15:42:22.736-requests body: {"remindStartTime": 1686901342736, "remindEndTime": 1684200250000, "startIndex": 0, "rows": 10}
[INFO]request_demo.py:27-15:42:22.750-requests headers :{'x-user-key': '592042554', 'Content-Type': 'application/json', 'Cookie': 'wps_sid=V02SZu4lpjf3DiylsVpoHLOTVee43F000a5a681c002349da3a'}
[INFO]request_demo.py:29-15:42:22.878-res code :412
[INFO]request_demo.py:30-15:42:22.886-res body :{"errorCode":-7,"errorMsg":"remindTime Requested!"}
[INFO]test_level2.py:28-15:43:00.971-清空该用户所有便签
[INFO]logs_create.py:54-15:43:01.240----------------------------------------------------
[INFO]logs_create.py:58-15:43:01.256-TestCase: testCase_01 of class NotesvrWebGetnotesRemindleve2
[INFO]logs_create.py:59-15:43:01.270-Describe: 查看日历下便签_remindStartTime=remindEndTime
[INFO]test_level2.py:34-15:43:01.282-添加日历便签
[INFO]test_level2.py:37-15:43:02.050-['1686901381296', '1686901381661']
[INFO]test_level2.py:39-15:43:02.058-用户A查看日历下便签
[INFO]request_demo.py:25-15:43:02.058-requests url :http://note-api.wps.cn/v3/notesvr/web/getnotes/remind
[INFO]request_demo.py:26-15:43:02.074-requests body: {"remindStartTime": 1686901382058, "remindEndTime": 1686901382058, "startIndex": 0, "rows": 10}
[INFO]request_demo.py:27-15:43:02.074-requests headers :{'x-user-key': '592042554', 'Content-Type': 'application/json', 'Cookie': 'wps_sid=V02SZu4lpjf3DiylsVpoHLOTVee43F000a5a681c002349da3a'}
[INFO]request_demo.py:29-15:43:02.199-res code :200
[INFO]request_demo.py:30-15:43:02.211-res body :{"responseTime":0,"webNotes":[]}
[INFO]test_level2.py:28-15:43:46.689-清空该用户所有便签
[INFO]logs_create.py:54-15:43:47.044----------------------------------------------------
[INFO]logs_create.py:58-15:43:47.044-TestCase: testCase_01 of class NotesvrWebGetnotesRemindleve2
[INFO]logs_create.py:59-15:43:47.044-Describe: 查看日历下便签_remindStartTime=remindEndTime
[INFO]test_level2.py:34-15:43:47.044-添加日历便签
[INFO]test_level2.py:37-15:43:47.833-['1686901427044', '1686901427437']
[INFO]test_level2.py:39-15:43:47.849-用户A查看日历下便签
[INFO]request_demo.py:25-15:43:47.867-requests url :http://note-api.wps.cn/v3/notesvr/web/getnotes/remind
[INFO]request_demo.py:26-15:43:47.882-requests body: {"remindStartTime": 1686901427867, "remindEndTime": 1686901427867, "startIndex": 0, "rows": 10}
[INFO]request_demo.py:27-15:43:47.896-requests headers :{'x-user-key': '592042554', 'Content-Type': 'application/json', 'Cookie': 'wps_sid=V02SZu4lpjf3DiylsVpoHLOTVee43F000a5a681c002349da3a'}
[INFO]request_demo.py:29-15:43:48.040-res code :200
[INFO]request_demo.py:30-15:43:48.042-res body :{"responseTime":0,"webNotes":[]}
[INFO]test_level_1.py:27-16:20:34.085-清空该用户所有便签
[INFO]logs_create.py:54-16:20:45.617----------------------------------------------------
[INFO]logs_create.py:58-16:20:45.638-TestCase: testCase_major of class NotesvrSetNotegrouplevel1
[INFO]logs_create.py:59-16:20:45.638-Describe: 查看分组下便签
[INFO]test_level_1.py:38-16:20:45.648-用户A新增分组便签
[INFO]test_level_1.py:40-16:20:49.894-查看用户A分组下便签
[INFO]request_demo.py:25-16:20:49.907-requests url :http://note-api.wps.cn/v3/notes/web/Denotes/group
[INFO]request_demo.py:26-16:20:49.927-requests body: {"groupId": "1686903645648", "startIndex": 0, "rows": 1}
[INFO]request_demo.py:27-16:20:49.927-requests headers :{'x-user-key': '592042554', 'Content-Type': 'application/json', 'Cookie': 'wps_sid=V02SZu4lpjf3DiylsVpoHLOTVee43F000a5a681c002349da3a'}
[INFO]request_demo.py:29-16:20:50.018-res code :404
[INFO]request_demo.py:30-16:20:50.051-res body :{"error_msg":"failed to match any routes"}

[INFO]test_level_1.py:27-16:26:26.166-清空该用户所有便签
[INFO]logs_create.py:54-16:26:37.492----------------------------------------------------
[INFO]logs_create.py:58-16:26:37.527-TestCase: testCase_major of class NotesvrSetNotegrouplevel1
[INFO]logs_create.py:59-16:26:37.540-Describe: 查看分组下便签
[INFO]test_level_1.py:38-16:26:37.552-用户A新增分组便签
[INFO]test_level_1.py:40-16:26:39.620-查看用户A分组下便签
[INFO]request_demo.py:25-16:26:39.622-requests url :http://note-api.wps.cn/v3/notes/web/Denotes/group
[INFO]request_demo.py:26-16:26:39.622-requests body: {"groupId": "1686903997552", "startIndex": 0, "rows": 1}
[INFO]request_demo.py:27-16:26:39.635-requests headers :{'x-user-key': '592042554', 'Content-Type': 'application/json', 'Cookie': 'wps_sid=V02SZu4lpjf3DiylsVpoHLOTVee43F000a5a681c002349da3a'}
[INFO]request_demo.py:29-16:26:39.716-res code :404
[INFO]request_demo.py:30-16:26:39.728-res body :{"error_msg":"failed to match any routes"}

[INFO]test_level_1.py:27-16:27:54.416-清空该用户所有便签
[INFO]logs_create.py:54-16:27:54.687----------------------------------------------------
[INFO]logs_create.py:58-16:27:54.695-TestCase: testCase_major of class NotesvrSetNotegrouplevel1
[INFO]logs_create.py:59-16:27:54.695-Describe: 查看分组下便签
[INFO]test_level_1.py:38-16:27:54.710-用户A新增分组便签
[INFO]test_level_1.py:40-16:27:56.864-['1686904074715', '1686904075749', '1686904076307']
[INFO]test_level_1.py:41-16:27:56.864-查看用户A分组下便签
[INFO]request_demo.py:25-16:27:56.864-requests url :http://note-api.wps.cn/v3/notes/web/Denotes/group
[INFO]request_demo.py:26-16:27:56.881-requests body: {"groupId": "1686904074710", "startIndex": 0, "rows": 1}
[INFO]request_demo.py:27-16:27:56.881-requests headers :{'x-user-key': '592042554', 'Content-Type': 'application/json', 'Cookie': 'wps_sid=V02SZu4lpjf3DiylsVpoHLOTVee43F000a5a681c002349da3a'}
[INFO]request_demo.py:29-16:27:56.984-res code :404
[INFO]request_demo.py:30-16:27:57.005-res body :{"error_msg":"failed to match any routes"}

[INFO]test_level_1.py:26-16:35:00.483-清空该用户所有便签
[INFO]logs_create.py:54-16:35:11.957----------------------------------------------------
[INFO]logs_create.py:58-16:35:11.957-TestCase: testCase_major of class NotesvrSetNotegrouplevel1
[INFO]logs_create.py:59-16:35:11.965-Describe: 查看分组下便签
[INFO]test_level_1.py:37-16:35:11.973-用户A新增分组便签
[INFO]test_level_1.py:39-16:35:13.650-['1686904511977', '1686904512536', '1686904513082']
[INFO]test_level_1.py:40-16:35:13.667-查看用户A分组下便签
[INFO]request_demo.py:25-16:35:13.677-requests url :http://note-api.wps.cn/v3/notesvr/web/getnotes/group
[INFO]request_demo.py:26-16:35:13.683-requests body: {"groupId": "1686904511973", "startIndex": 0, "rows": 1}
[INFO]request_demo.py:27-16:35:13.694-requests headers :{'x-user-key': '592042554', 'Content-Type': 'application/json', 'Cookie': 'wps_sid=V02SZu4lpjf3DiylsVpoHLOTVee43F000a5a681c002349da3a'}
[INFO]request_demo.py:29-16:35:13.822-res code :200
[INFO]request_demo.py:30-16:35:13.830-res body :{"responseTime":0,"webNotes":[]}
[INFO]test_level_1.py:26-16:39:06.222-清空该用户所有便签
[INFO]logs_create.py:54-16:39:17.572----------------------------------------------------
[INFO]logs_create.py:58-16:39:17.576-TestCase: testCase_major of class NotesvrSetNotegrouplevel1
[INFO]logs_create.py:59-16:39:17.576-Describe: 查看分组下便签
[INFO]test_level_1.py:37-16:39:17.585-用户A新增分组便签
[INFO]test_level_1.py:39-16:39:19.266-['1686904757587', '1686904758185', '1686904758729']
[INFO]test_level_1.py:40-16:39:19.279-获取用户A的首页便签
[INFO]request_demo.py:13-16:39:19.284-requests url :http://note-api.wps.cn/v3/notesvr/user/592042554/home/startindex/0/rows/10/notes
[INFO]request_demo.py:14-16:39:19.292-requests headers :{'X-user-key': '592042554', 'Content-Type': 'application/json', 'Cookie': 'wps_sid=V02SZu4lpjf3DiylsVpoHLOTVee43F000a5a681c002349da3a'}
[INFO]request_demo.py:16-16:39:19.418-res code :200
[INFO]request_demo.py:17-16:39:19.422-res body :{"responseTime":0,"webNotes":[]}
[INFO]test_level_1.py:46-16:39:19.433-{'responseTime': 0, 'webNotes': []}
[INFO]test_level_1.py:47-16:39:19.438-查看用户A分组下便签
[INFO]request_demo.py:25-16:39:19.440-requests url :http://note-api.wps.cn/v3/notesvr/web/getnotes/group
[INFO]request_demo.py:26-16:39:19.440-requests body: {"groupId": "1686904757584", "startIndex": 0, "rows": 1}
[INFO]request_demo.py:27-16:39:19.446-requests headers :{'x-user-key': '592042554', 'Content-Type': 'application/json', 'Cookie': 'wps_sid=V02SZu4lpjf3DiylsVpoHLOTVee43F000a5a681c002349da3a'}
[INFO]request_demo.py:29-16:39:19.562-res code :200
[INFO]request_demo.py:30-16:39:19.571-res body :{"responseTime":0,"webNotes":[]}
[INFO]test_level1.py:24-16:43:05.824-清空该用户所有便签
[INFO]logs_create.py:54-16:43:06.101----------------------------------------------------
[INFO]logs_create.py:58-16:43:06.112-TestCase: testCase_major of class NotesvrGetNotegrouplevel1
[INFO]logs_create.py:59-16:43:06.114-Describe: "获取分组列表主流程
[INFO]test_level1.py:32-16:43:06.122-用户A新增分组便签
[INFO]test_level1.py:34-16:43:07.856-['1686904986123', '1686904986696', '1686904987319']
[INFO]test_level1.py:36-16:43:07.856-获取分组列表主流程
[INFO]request_demo.py:25-16:43:07.871-requests url :http://note-api.wps.cn/v3/notesvr/get/notegroup
[INFO]request_demo.py:26-16:43:07.883-requests body: {"excludeInvalid": "true"}
[INFO]request_demo.py:27-16:43:07.890-requests headers :{'x-user-key': '592042554', 'Content-Type': 'application/json', 'Cookie': 'wps_sid=V02SZu4lpjf3DiylsVpoHLOTVee43F000a5a681c002349da3a'}
[INFO]request_demo.py:29-16:43:08.010-res code :200
[INFO]request_demo.py:30-16:43:08.021-res body :{"noteGroups":[{"userId":"592042554","groupId":"1686028597545","groupName":"groupName","order":1,"valid":1,"updateTime":1686028609158},{"userId":"592042554","groupId":"1686028658331","groupName":"groupName","order":1,"valid":1,"updateTime":1686028658858},{"userId":"592042554","groupId":"1686028678054","groupName":"groupName","order":1,"valid":1,"updateTime":1686028678585},{"userId":"592042554","groupId":"1686028750086","groupName":"groupName","order":1,"valid":1,"updateTime":1686028750620},{"userId":"592042554","groupId":"1686028757496","groupName":"groupName","order":1,"valid":1,"updateTime":1686028758017},{"userId":"592042554","groupId":"1686028996580","groupName":"groupName","order":1,"valid":1,"updateTime":1686029008184},{"userId":"592042554","groupId":"1686029350468","groupName":"groupName","order":1,"valid":1,"updateTime":1686029350985},{"userId":"592042554","groupId":"1686029465428","groupName":"groupName","order":1,"valid":1,"updateTime":1686029477019},{"userId":"592042554","groupId":"1686029542486","groupName":"groupName","order":1,"valid":1,"updateTime":1686029543016},{"userId":"592042554","groupId":"1686032466000","groupName":"groupName","order":1,"valid":1,"updateTime":1686032466123},{"userId":"592042554","groupId":"1686032515218","groupName":"groupName","order":1,"valid":1,"updateTime":1686032515340},{"userId":"592042554","groupId":"1686032534945","groupName":"groupName","order":1,"valid":1,"updateTime":1686032535072},{"userId":"592042554","groupId":"1686032698044","groupName":"groupName","order":1,"valid":1,"updateTime":1686032698256},{"userId":"592042554","groupId":"1686032955543","groupName":"groupName","order":1,"valid":1,"updateTime":1686032955672},{"userId":"592042554","groupId":"1686033083464","groupName":"groupName","order":1,"valid":1,"updateTime":1686033094642},{"userId":"592042554","groupId":"1686182260502","groupName":"groupName","order":1,"valid":1,"updateTime":1686182260852},{"userId":"592042554","groupId":"1686186709281","groupName":"groupName","order":1,"valid":1,"updateTime":1686186709613},{"userId":"592042554","groupId":"1686186724376","groupName":"groupName","order":1,"valid":1,"updateTime":1686186726194},{"userId":"592042554","groupId":"1686189370007","groupName":"groupName","order":1,"valid":1,"updateTime":1686189381359},{"userId":"592042554","groupId":"1686189515561","groupName":"groupName","order":1,"valid":1,"updateTime":1686189515849},{"userId":"592042554","groupId":"1686190028846","groupName":"groupName","order":1,"valid":1,"updateTime":1686190029052},{"userId":"592042554","groupId":"1686199527167","groupName":"groupName","order":1,"valid":1,"updateTime":1686199527098},{"userId":"592042554","groupId":"1686208758626","groupName":"groupName","order":1,"valid":1,"updateTime":1686208758486},{"userId":"592042554","groupId":"1686452725574","groupName":"groupName","order":0,"valid":1,"updateTime":1686452725460},{"userId":"592042554","groupId":"1686453224201","groupName":"groupName","order":0,"valid":1,"updateTime":1686453235102},{"userId":"592042554","groupId":"1686453267352","groupName":"groupName","order":1,"valid":1,"updateTime":1686453266804},{"userId":"592042554","groupId":"1686453325415","groupName":"groupName","order":1,"valid":1,"updateTime":1686453324858},{"userId":"592042554","groupId":"1686453349689","groupName":"groupName","order":0,"valid":1,"updateTime":1686453349132},{"userId":"592042554","groupId":"1686453431859","groupName":"groupName","order":1,"valid":1,"updateTime":1686453431256},{"userId":"592042554","groupId":"1686461790791","groupName":"groupName","order":0,"valid":1,"updateTime":1686461805536},{"userId":"592042554","groupId":"1686462833967","groupName":"groupName","order":0,"valid":1,"updateTime":1686462844991},{"userId":"592042554","groupId":"1686566477651","groupName":"groupName","order":0,"valid":1,"updateTime":1686566498527},{"userId":"592042554","groupId":"1686574195728","groupName":"groupName","order":1,"valid":1,"updateTime":1686574206973},{"userId":"592042554","groupId":"1686574969010","groupName":"groupName","order":1,"valid":1,"updateTime":1686574980220},{"userId":"592042554","groupId":"1686575512330","groupName":"groupName","order":1,"valid":1,"updateTime":1686575512442},{"userId":"592042554","groupId":"1686575628618","groupName":"groupName","order":1,"valid":1,"updateTime":1686575639893},{"userId":"592042554","groupId":"1686575696943","groupName":"groupName","order":1,"valid":1,"updateTime":1686575697049},{"userId":"592042554","groupId":"1686576769038","groupName":"groupName","order":1,"valid":1,"updateTime":1686576769108},{"userId":"592042554","groupId":"1686581695055","groupName":"groupName","order":0,"valid":1,"updateTime":1686581706159},{"userId":"592042554","groupId":"1686587044455","groupName":"groupName","order":0,"valid":1,"updateTime":1686587085039},{"userId":"592042554","groupId":"1686631506779","groupName":"groupName","order":0,"valid":1,"updateTime":1686631552888},{"userId":"592042554","groupId":"1686646675223","groupName":"groupName","order":0,"valid":1,"updateTime":1686646732407},{"userId":"592042554","groupId":"1686649256284","groupName":"groupName","order":0,"valid":1,"updateTime":1686649306372},{"userId":"592042554","groupId":"1686903997552","groupName":"groupName","order":1,"valid":1,"updateTime":1686903998862},{"userId":"592042554","groupId":"1686904074710","groupName":"groupName","order":1,"valid":1,"updateTime":1686904076191},{"userId":"592042554","groupId":"1686904511973","groupName":"groupName","order":1,"valid":1,"updateTime":1686904512956},{"userId":"592042554","groupId":"1686904757584","groupName":"groupName","order":1,"valid":1,"updateTime":1686904758574},{"userId":"592042554","groupId":"1686904986122","groupName":"groupName","order":1,"valid":1,"updateTime":1686904987198}],"requestTime":1686904987701}
[INFO]test_level1.py:22-16:49:19.780-清空该用户所有便签
[INFO]logs_create.py:54-16:49:31.090----------------------------------------------------
[INFO]logs_create.py:58-16:49:31.112-TestCase: testCase_major of class NotesvrGetNotegrouplevel1
[INFO]logs_create.py:59-16:49:31.112-Describe: "获取分组列表主流程
[INFO]test_level1.py:30-16:49:31.127-用户A新增分组便签
[INFO]test_level1.py:32-16:49:32.831-['1686905371133', '1686905371644', '1686905372262']
[INFO]test_level1.py:34-16:49:32.837-获取分组列表主流程
[INFO]request_demo.py:25-16:49:32.859-requests url :http://note-api.wps.cn/v3/notesvr/get/notegroup
[INFO]request_demo.py:26-16:49:32.870-requests body: {"excludeInvalid": "true"}
[INFO]request_demo.py:27-16:49:32.870-requests headers :{'x-user-key': '592042554', 'Content-Type': 'application/json', 'Cookie': 'wps_sid=V02SZu4lpjf3DiylsVpoHLOTVee43F000a5a681c002349da3a'}
[INFO]request_demo.py:29-16:49:33.001-res code :200
[INFO]request_demo.py:30-16:49:33.012-res body :{"noteGroups":[{"userId":"592042554","groupId":"1686028597545","groupName":"groupName","order":1,"valid":1,"updateTime":1686028609158},{"userId":"592042554","groupId":"1686028658331","groupName":"groupName","order":1,"valid":1,"updateTime":1686028658858},{"userId":"592042554","groupId":"1686028678054","groupName":"groupName","order":1,"valid":1,"updateTime":1686028678585},{"userId":"592042554","groupId":"1686028750086","groupName":"groupName","order":1,"valid":1,"updateTime":1686028750620},{"userId":"592042554","groupId":"1686028757496","groupName":"groupName","order":1,"valid":1,"updateTime":1686028758017},{"userId":"592042554","groupId":"1686028996580","groupName":"groupName","order":1,"valid":1,"updateTime":1686029008184},{"userId":"592042554","groupId":"1686029350468","groupName":"groupName","order":1,"valid":1,"updateTime":1686029350985},{"userId":"592042554","groupId":"1686029465428","groupName":"groupName","order":1,"valid":1,"updateTime":1686029477019},{"userId":"592042554","groupId":"1686029542486","groupName":"groupName","order":1,"valid":1,"updateTime":1686029543016},{"userId":"592042554","groupId":"1686032466000","groupName":"groupName","order":1,"valid":1,"updateTime":1686032466123},{"userId":"592042554","groupId":"1686032515218","groupName":"groupName","order":1,"valid":1,"updateTime":1686032515340},{"userId":"592042554","groupId":"1686032534945","groupName":"groupName","order":1,"valid":1,"updateTime":1686032535072},{"userId":"592042554","groupId":"1686032698044","groupName":"groupName","order":1,"valid":1,"updateTime":1686032698256},{"userId":"592042554","groupId":"1686032955543","groupName":"groupName","order":1,"valid":1,"updateTime":1686032955672},{"userId":"592042554","groupId":"1686033083464","groupName":"groupName","order":1,"valid":1,"updateTime":1686033094642},{"userId":"592042554","groupId":"1686182260502","groupName":"groupName","order":1,"valid":1,"updateTime":1686182260852},{"userId":"592042554","groupId":"1686186709281","groupName":"groupName","order":1,"valid":1,"updateTime":1686186709613},{"userId":"592042554","groupId":"1686186724376","groupName":"groupName","order":1,"valid":1,"updateTime":1686186726194},{"userId":"592042554","groupId":"1686189370007","groupName":"groupName","order":1,"valid":1,"updateTime":1686189381359},{"userId":"592042554","groupId":"1686189515561","groupName":"groupName","order":1,"valid":1,"updateTime":1686189515849},{"userId":"592042554","groupId":"1686190028846","groupName":"groupName","order":1,"valid":1,"updateTime":1686190029052},{"userId":"592042554","groupId":"1686199527167","groupName":"groupName","order":1,"valid":1,"updateTime":1686199527098},{"userId":"592042554","groupId":"1686208758626","groupName":"groupName","order":1,"valid":1,"updateTime":1686208758486},{"userId":"592042554","groupId":"1686452725574","groupName":"groupName","order":0,"valid":1,"updateTime":1686452725460},{"userId":"592042554","groupId":"1686453224201","groupName":"groupName","order":0,"valid":1,"updateTime":1686453235102},{"userId":"592042554","groupId":"1686453267352","groupName":"groupName","order":1,"valid":1,"updateTime":1686453266804},{"userId":"592042554","groupId":"1686453325415","groupName":"groupName","order":1,"valid":1,"updateTime":1686453324858},{"userId":"592042554","groupId":"1686453349689","groupName":"groupName","order":0,"valid":1,"updateTime":1686453349132},{"userId":"592042554","groupId":"1686453431859","groupName":"groupName","order":1,"valid":1,"updateTime":1686453431256},{"userId":"592042554","groupId":"1686461790791","groupName":"groupName","order":0,"valid":1,"updateTime":1686461805536},{"userId":"592042554","groupId":"1686462833967","groupName":"groupName","order":0,"valid":1,"updateTime":1686462844991},{"userId":"592042554","groupId":"1686566477651","groupName":"groupName","order":0,"valid":1,"updateTime":1686566498527},{"userId":"592042554","groupId":"1686574195728","groupName":"groupName","order":1,"valid":1,"updateTime":1686574206973},{"userId":"592042554","groupId":"1686574969010","groupName":"groupName","order":1,"valid":1,"updateTime":1686574980220},{"userId":"592042554","groupId":"1686575512330","groupName":"groupName","order":1,"valid":1,"updateTime":1686575512442},{"userId":"592042554","groupId":"1686575628618","groupName":"groupName","order":1,"valid":1,"updateTime":1686575639893},{"userId":"592042554","groupId":"1686575696943","groupName":"groupName","order":1,"valid":1,"updateTime":1686575697049},{"userId":"592042554","groupId":"1686576769038","groupName":"groupName","order":1,"valid":1,"updateTime":1686576769108},{"userId":"592042554","groupId":"1686581695055","groupName":"groupName","order":0,"valid":1,"updateTime":1686581706159},{"userId":"592042554","groupId":"1686587044455","groupName":"groupName","order":0,"valid":1,"updateTime":1686587085039},{"userId":"592042554","groupId":"1686631506779","groupName":"groupName","order":0,"valid":1,"updateTime":1686631552888},{"userId":"592042554","groupId":"1686646675223","groupName":"groupName","order":0,"valid":1,"updateTime":1686646732407},{"userId":"592042554","groupId":"1686649256284","groupName":"groupName","order":0,"valid":1,"updateTime":1686649306372},{"userId":"592042554","groupId":"1686903997552","groupName":"groupName","order":1,"valid":1,"updateTime":1686903998862},{"userId":"592042554","groupId":"1686904074710","groupName":"groupName","order":1,"valid":1,"updateTime":1686904076191},{"userId":"592042554","groupId":"1686904511973","groupName":"groupName","order":1,"valid":1,"updateTime":1686904512956},{"userId":"592042554","groupId":"1686904757584","groupName":"groupName","order":1,"valid":1,"updateTime":1686904758574},{"userId":"592042554","groupId":"1686904986122","groupName":"groupName","order":1,"valid":1,"updateTime":1686904987198},{"userId":"592042554","groupId":"1686905371127","groupName":"groupName","order":1,"valid":1,"updateTime":1686905372124}],"requestTime":1686905372684}
[INFO]test_level1.py:23-17:04:24.183-清空该用户所有便签
[INFO]test_level1.py:26-17:04:24.793-清空该用户所有分组
[INFO]delete_notegroup.py:33-17:04:36.136-该用户获取的比便签列表:{'noteGroups': [{'userId': '592042554', 'groupId': '1686028597545', 'groupName': 'groupName', 'order': 1, 'valid': 1, 'updateTime': 1686028609158}, {'userId': '592042554', 'groupId': '1686028658331', 'groupName': 'groupName', 'order': 1, 'valid': 1, 'updateTime': 1686028658858}, {'userId': '592042554', 'groupId': '1686028678054', 'groupName': 'groupName', 'order': 1, 'valid': 1, 'updateTime': 1686028678585}, {'userId': '592042554', 'groupId': '1686028750086', 'groupName': 'groupName', 'order': 1, 'valid': 1, 'updateTime': 1686028750620}, {'userId': '592042554', 'groupId': '1686028757496', 'groupName': 'groupName', 'order': 1, 'valid': 1, 'updateTime': 1686028758017}, {'userId': '592042554', 'groupId': '1686028996580', 'groupName': 'groupName', 'order': 1, 'valid': 1, 'updateTime': 1686029008184}, {'userId': '592042554', 'groupId': '1686029350468', 'groupName': 'groupName', 'order': 1, 'valid': 1, 'updateTime': 1686029350985}, {'userId': '592042554', 'groupId': '1686029465428', 'groupName': 'groupName', 'order': 1, 'valid': 1, 'updateTime': 1686029477019}, {'userId': '592042554', 'groupId': '1686029542486', 'groupName': 'groupName', 'order': 1, 'valid': 1, 'updateTime': 1686029543016}, {'userId': '592042554', 'groupId': '1686032466000', 'groupName': 'groupName', 'order': 1, 'valid': 1, 'updateTime': 1686032466123}, {'userId': '592042554', 'groupId': '1686032515218', 'groupName': 'groupName', 'order': 1, 'valid': 1, 'updateTime': 1686032515340}, {'userId': '592042554', 'groupId': '1686032534945', 'groupName': 'groupName', 'order': 1, 'valid': 1, 'updateTime': 1686032535072}, {'userId': '592042554', 'groupId': '1686032698044', 'groupName': 'groupName', 'order': 1, 'valid': 1, 'updateTime': 1686032698256}, {'userId': '592042554', 'groupId': '1686032955543', 'groupName': 'groupName', 'order': 1, 'valid': 1, 'updateTime': 1686032955672}, {'userId': '592042554', 'groupId': '1686033083464', 'groupName': 'groupName', 'order': 1, 'valid': 1, 'updateTime': 1686033094642}, {'userId': '592042554', 'groupId': '1686182260502', 'groupName': 'groupName', 'order': 1, 'valid': 1, 'updateTime': 1686182260852}, {'userId': '592042554', 'groupId': '1686186709281', 'groupName': 'groupName', 'order': 1, 'valid': 1, 'updateTime': 1686186709613}, {'userId': '592042554', 'groupId': '1686186724376', 'groupName': 'groupName', 'order': 1, 'valid': 1, 'updateTime': 1686186726194}, {'userId': '592042554', 'groupId': '1686189370007', 'groupName': 'groupName', 'order': 1, 'valid': 1, 'updateTime': 1686189381359}, {'userId': '592042554', 'groupId': '1686189515561', 'groupName': 'groupName', 'order': 1, 'valid': 1, 'updateTime': 1686189515849}, {'userId': '592042554', 'groupId': '1686190028846', 'groupName': 'groupName', 'order': 1, 'valid': 1, 'updateTime': 1686190029052}, {'userId': '592042554', 'groupId': '1686199527167', 'groupName': 'groupName', 'order': 1, 'valid': 1, 'updateTime': 1686199527098}, {'userId': '592042554', 'groupId': '1686208758626', 'groupName': 'groupName', 'order': 1, 'valid': 1, 'updateTime': 1686208758486}, {'userId': '592042554', 'groupId': '1686452725574', 'groupName': 'groupName', 'order': 0, 'valid': 1, 'updateTime': 1686452725460}, {'userId': '592042554', 'groupId': '1686453224201', 'groupName': 'groupName', 'order': 0, 'valid': 1, 'updateTime': 1686453235102}, {'userId': '592042554', 'groupId': '1686453267352', 'groupName': 'groupName', 'order': 1, 'valid': 1, 'updateTime': 1686453266804}, {'userId': '592042554', 'groupId': '1686453325415', 'groupName': 'groupName', 'order': 1, 'valid': 1, 'updateTime': 1686453324858}, {'userId': '592042554', 'groupId': '1686453349689', 'groupName': 'groupName', 'order': 0, 'valid': 1, 'updateTime': 1686453349132}, {'userId': '592042554', 'groupId': '1686453431859', 'groupName': 'groupName', 'order': 1, 'valid': 1, 'updateTime': 1686453431256}, {'userId': '592042554', 'groupId': '1686461790791', 'groupName': 'groupName', 'order': 0, 'valid': 1, 'updateTime': 1686461805536}, {'userId': '592042554', 'groupId': '1686462833967', 'groupName': 'groupName', 'order': 0, 'valid': 1, 'updateTime': 1686462844991}, {'userId': '592042554', 'groupId': '1686566477651', 'groupName': 'groupName', 'order': 0, 'valid': 1, 'updateTime': 1686566498527}, {'userId': '592042554', 'groupId': '1686574195728', 'groupName': 'groupName', 'order': 1, 'valid': 1, 'updateTime': 1686574206973}, {'userId': '592042554', 'groupId': '1686574969010', 'groupName': 'groupName', 'order': 1, 'valid': 1, 'updateTime': 1686574980220}, {'userId': '592042554', 'groupId': '1686575512330', 'groupName': 'groupName', 'order': 1, 'valid': 1, 'updateTime': 1686575512442}, {'userId': '592042554', 'groupId': '1686575628618', 'groupName': 'groupName', 'order': 1, 'valid': 1, 'updateTime': 1686575639893}, {'userId': '592042554', 'groupId': '1686575696943', 'groupName': 'groupName', 'order': 1, 'valid': 1, 'updateTime': 1686575697049}, {'userId': '592042554', 'groupId': '1686576769038', 'groupName': 'groupName', 'order': 1, 'valid': 1, 'updateTime': 1686576769108}, {'userId': '592042554', 'groupId': '1686581695055', 'groupName': 'groupName', 'order': 0, 'valid': 1, 'updateTime': 1686581706159}, {'userId': '592042554', 'groupId': '1686587044455', 'groupName': 'groupName', 'order': 0, 'valid': 1, 'updateTime': 1686587085039}, {'userId': '592042554', 'groupId': '1686631506779', 'groupName': 'groupName', 'order': 0, 'valid': 1, 'updateTime': 1686631552888}, {'userId': '592042554', 'groupId': '1686646675223', 'groupName': 'groupName', 'order': 0, 'valid': 1, 'updateTime': 1686646732407}, {'userId': '592042554', 'groupId': '1686649256284', 'groupName': 'groupName', 'order': 0, 'valid': 1, 'updateTime': 1686649306372}, {'userId': '592042554', 'groupId': '1686903997552', 'groupName': 'groupName', 'order': 1, 'valid': 1, 'updateTime': 1686903998862}, {'userId': '592042554', 'groupId': '1686904074710', 'groupName': 'groupName', 'order': 1, 'valid': 1, 'updateTime': 1686904076191}, {'userId': '592042554', 'groupId': '1686904511973', 'groupName': 'groupName', 'order': 1, 'valid': 1, 'updateTime': 1686904512956}, {'userId': '592042554', 'groupId': '1686904757584', 'groupName': 'groupName', 'order': 1, 'valid': 1, 'updateTime': 1686904758574}, {'userId': '592042554', 'groupId': '1686904986122', 'groupName': 'groupName', 'order': 1, 'valid': 1, 'updateTime': 1686904987198}, {'userId': '592042554', 'groupId': '1686905371127', 'groupName': 'groupName', 'order': 1, 'valid': 1, 'updateTime': 1686905372124}], 'requestTime': 1686906264689}
[INFO]delete_notegroup.py:34-17:04:36.164-删除分组:{'responseTime': 66}
[INFO]logs_create.py:54-17:04:36.177----------------------------------------------------
[INFO]logs_create.py:58-17:04:36.188-TestCase: testCase_major of class NotesvrGetNotegrouplevel1
[INFO]logs_create.py:59-17:04:36.198-Describe: "获取分组列表主流程
[INFO]test_level1.py:35-17:04:36.199-用户A新增分组便签
[INFO]test_level1.py:37-17:04:38.377-['1686906276219', '1686906276971', '1686906277673']
[INFO]test_level1.py:39-17:04:38.387-获取分组列表主流程
[INFO]request_demo.py:25-17:04:38.401-requests url :http://note-api.wps.cn/v3/notesvr/get/notegroup
[INFO]request_demo.py:26-17:04:38.401-requests body: {"excludeInvalid": "true"}
[INFO]request_demo.py:27-17:04:38.421-requests headers :{'x-user-key': '592042554', 'Content-Type': 'application/json', 'Cookie': 'wps_sid=V02SZu4lpjf3DiylsVpoHLOTVee43F000a5a681c002349da3a'}
[INFO]request_demo.py:29-17:04:38.542-res code :200
[INFO]request_demo.py:30-17:04:38.561-res body :{"noteGroups":[{"userId":"592042554","groupId":"1686028597545","groupName":"groupName","order":1,"valid":0,"updateTime":1686906264931},{"userId":"592042554","groupId":"1686028658331","groupName":"groupName","order":1,"valid":0,"updateTime":1686906265111},{"userId":"592042554","groupId":"1686028678054","groupName":"groupName","order":1,"valid":0,"updateTime":1686906265377},{"userId":"592042554","groupId":"1686028750086","groupName":"groupName","order":1,"valid":0,"updateTime":1686906265567},{"userId":"592042554","groupId":"1686028757496","groupName":"groupName","order":1,"valid":0,"updateTime":1686906265788},{"userId":"592042554","groupId":"1686028996580","groupName":"groupName","order":1,"valid":0,"updateTime":1686906265982},{"userId":"592042554","groupId":"1686029350468","groupName":"groupName","order":1,"valid":0,"updateTime":1686906266166},{"userId":"592042554","groupId":"1686029465428","groupName":"groupName","order":1,"valid":0,"updateTime":1686906266374},{"userId":"592042554","groupId":"1686029542486","groupName":"groupName","order":1,"valid":0,"updateTime":1686906266578},{"userId":"592042554","groupId":"1686032466000","groupName":"groupName","order":1,"valid":0,"updateTime":1686906266798},{"userId":"592042554","groupId":"1686032515218","groupName":"groupName","order":1,"valid":0,"updateTime":1686906267088},{"userId":"592042554","groupId":"1686032534945","groupName":"groupName","order":1,"valid":0,"updateTime":1686906267309},{"userId":"592042554","groupId":"1686032698044","groupName":"groupName","order":1,"valid":0,"updateTime":1686906267542},{"userId":"592042554","groupId":"1686032955543","groupName":"groupName","order":1,"valid":1,"updateTime":1686032955672},{"userId":"592042554","groupId":"1686033083464","groupName":"groupName","order":1,"valid":0,"updateTime":1686906267999},{"userId":"592042554","groupId":"1686182260502","groupName":"groupName","order":1,"valid":0,"updateTime":1686906268243},{"userId":"592042554","groupId":"1686186709281","groupName":"groupName","order":1,"valid":0,"updateTime":1686906268450},{"userId":"592042554","groupId":"1686186724376","groupName":"groupName","order":1,"valid":0,"updateTime":1686906268664},{"userId":"592042554","groupId":"1686189370007","groupName":"groupName","order":1,"valid":0,"updateTime":1686906268861},{"userId":"592042554","groupId":"1686189515561","groupName":"groupName","order":1,"valid":0,"updateTime":1686906269120},{"userId":"592042554","groupId":"1686190028846","groupName":"groupName","order":1,"valid":0,"updateTime":1686906269331},{"userId":"592042554","groupId":"1686199527167","groupName":"groupName","order":1,"valid":0,"updateTime":1686906269571},{"userId":"592042554","groupId":"1686208758626","groupName":"groupName","order":1,"valid":0,"updateTime":1686906269779},{"userId":"592042554","groupId":"1686452725574","groupName":"groupName","order":0,"valid":0,"updateTime":1686906269982},{"userId":"592042554","groupId":"1686453224201","groupName":"groupName","order":0,"valid":0,"updateTime":1686906270202},{"userId":"592042554","groupId":"1686453267352","groupName":"groupName","order":1,"valid":0,"updateTime":1686906270422},{"userId":"592042554","groupId":"1686453325415","groupName":"groupName","order":1,"valid":0,"updateTime":1686906270687},{"userId":"592042554","groupId":"1686453349689","groupName":"groupName","order":0,"valid":0,"updateTime":1686906270884},{"userId":"592042554","groupId":"1686453431859","groupName":"groupName","order":1,"valid":0,"updateTime":1686906271104},{"userId":"592042554","groupId":"1686461790791","groupName":"groupName","order":0,"valid":0,"updateTime":1686906271342},{"userId":"592042554","groupId":"1686462833967","groupName":"groupName","order":0,"valid":0,"updateTime":1686906271591},{"userId":"592042554","groupId":"1686566477651","groupName":"groupName","order":0,"valid":0,"updateTime":1686906271826},{"userId":"592042554","groupId":"1686574195728","groupName":"groupName","order":1,"valid":0,"updateTime":1686906272091},{"userId":"592042554","groupId":"1686574969010","groupName":"groupName","order":1,"valid":0,"updateTime":1686906272304},{"userId":"592042554","groupId":"1686575512330","groupName":"groupName","order":1,"valid":0,"updateTime":1686906272506},{"userId":"592042554","groupId":"1686575628618","groupName":"groupName","order":1,"valid":0,"updateTime":1686906272800},{"userId":"592042554","groupId":"1686575696943","groupName":"groupName","order":1,"valid":0,"updateTime":1686906273080},{"userId":"592042554","groupId":"1686576769038","groupName":"groupName","order":1,"valid":0,"updateTime":1686906273245},{"userId":"592042554","groupId":"1686581695055","groupName":"groupName","order":0,"valid":0,"updateTime":1686906273530},{"userId":"592042554","groupId":"1686587044455","groupName":"groupName","order":0,"valid":0,"updateTime":1686906273757},{"userId":"592042554","groupId":"1686631506779","groupName":"groupName","order":0,"valid":0,"updateTime":1686906273961},{"userId":"592042554","groupId":"1686646675223","groupName":"groupName","order":0,"valid":0,"updateTime":1686906274216},{"userId":"592042554","groupId":"1686649256284","groupName":"groupName","order":0,"valid":0,"updateTime":1686906274458},{"userId":"592042554","groupId":"1686903997552","groupName":"groupName","order":1,"valid":0,"updateTime":1686906274671},{"userId":"592042554","groupId":"1686904074710","groupName":"groupName","order":1,"valid":0,"updateTime":1686906274863},{"userId":"592042554","groupId":"1686904511973","groupName":"groupName","order":1,"valid":0,"updateTime":1686906275083},{"userId":"592042554","groupId":"1686904757584","groupName":"groupName","order":1,"valid":0,"updateTime":1686906275287},{"userId":"592042554","groupId":"1686904986122","groupName":"groupName","order":1,"valid":0,"updateTime":1686906275521},{"userId":"592042554","groupId":"1686905371127","groupName":"groupName","order":1,"valid":0,"updateTime":1686906275787},{"userId":"592042554","groupId":"1686906276199","groupName":"groupName","order":1,"valid":1,"updateTime":1686906277592}],"requestTime":1686906278218}
[INFO]test_level1.py:23-17:05:59.747-清空该用户所有便签
[INFO]test_level1.py:26-17:06:11.180-清空该用户所有分组
[INFO]delete_notegroup.py:33-17:06:21.661-该用户获取的比便签列表:{'noteGroups': [{'userId': '592042554', 'groupId': '1686028597545', 'groupName': 'groupName', 'order': 1, 'valid': 0, 'updateTime': 1686906264931}, {'userId': '592042554', 'groupId': '1686028658331', 'groupName': 'groupName', 'order': 1, 'valid': 0, 'updateTime': 1686906265111}, {'userId': '592042554', 'groupId': '1686028678054', 'groupName': 'groupName', 'order': 1, 'valid': 0, 'updateTime': 1686906265377}, {'userId': '592042554', 'groupId': '1686028750086', 'groupName': 'groupName', 'order': 1, 'valid': 0, 'updateTime': 1686906265567}, {'userId': '592042554', 'groupId': '1686028757496', 'groupName': 'groupName', 'order': 1, 'valid': 0, 'updateTime': 1686906265788}, {'userId': '592042554', 'groupId': '1686028996580', 'groupName': 'groupName', 'order': 1, 'valid': 0, 'updateTime': 1686906265982}, {'userId': '592042554', 'groupId': '1686029350468', 'groupName': 'groupName', 'order': 1, 'valid': 0, 'updateTime': 1686906266166}, {'userId': '592042554', 'groupId': '1686029465428', 'groupName': 'groupName', 'order': 1, 'valid': 0, 'updateTime': 1686906266374}, {'userId': '592042554', 'groupId': '1686029542486', 'groupName': 'groupName', 'order': 1, 'valid': 0, 'updateTime': 1686906266578}, {'userId': '592042554', 'groupId': '1686032466000', 'groupName': 'groupName', 'order': 1, 'valid': 0, 'updateTime': 1686906266798}, {'userId': '592042554', 'groupId': '1686032515218', 'groupName': 'groupName', 'order': 1, 'valid': 0, 'updateTime': 1686906267088}, {'userId': '592042554', 'groupId': '1686032534945', 'groupName': 'groupName', 'order': 1, 'valid': 0, 'updateTime': 1686906267309}, {'userId': '592042554', 'groupId': '1686032698044', 'groupName': 'groupName', 'order': 1, 'valid': 0, 'updateTime': 1686906267542}, {'userId': '592042554', 'groupId': '1686032955543', 'groupName': 'groupName', 'order': 1, 'valid': 1, 'updateTime': 1686032955672}, {'userId': '592042554', 'groupId': '1686033083464', 'groupName': 'groupName', 'order': 1, 'valid': 0, 'updateTime': 1686906267999}, {'userId': '592042554', 'groupId': '1686182260502', 'groupName': 'groupName', 'order': 1, 'valid': 0, 'updateTime': 1686906268243}, {'userId': '592042554', 'groupId': '1686186709281', 'groupName': 'groupName', 'order': 1, 'valid': 0, 'updateTime': 1686906268450}, {'userId': '592042554', 'groupId': '1686186724376', 'groupName': 'groupName', 'order': 1, 'valid': 0, 'updateTime': 1686906268664}, {'userId': '592042554', 'groupId': '1686189370007', 'groupName': 'groupName', 'order': 1, 'valid': 0, 'updateTime': 1686906268861}, {'userId': '592042554', 'groupId': '1686189515561', 'groupName': 'groupName', 'order': 1, 'valid': 0, 'updateTime': 1686906269120}, {'userId': '592042554', 'groupId': '1686190028846', 'groupName': 'groupName', 'order': 1, 'valid': 0, 'updateTime': 1686906269331}, {'userId': '592042554', 'groupId': '1686199527167', 'groupName': 'groupName', 'order': 1, 'valid': 0, 'updateTime': 1686906269571}, {'userId': '592042554', 'groupId': '1686208758626', 'groupName': 'groupName', 'order': 1, 'valid': 0, 'updateTime': 1686906269779}, {'userId': '592042554', 'groupId': '1686452725574', 'groupName': 'groupName', 'order': 0, 'valid': 0, 'updateTime': 1686906269982}, {'userId': '592042554', 'groupId': '1686453224201', 'groupName': 'groupName', 'order': 0, 'valid': 0, 'updateTime': 1686906270202}, {'userId': '592042554', 'groupId': '1686453267352', 'groupName': 'groupName', 'order': 1, 'valid': 0, 'updateTime': 1686906270422}, {'userId': '592042554', 'groupId': '1686453325415', 'groupName': 'groupName', 'order': 1, 'valid': 0, 'updateTime': 1686906270687}, {'userId': '592042554', 'groupId': '1686453349689', 'groupName': 'groupName', 'order': 0, 'valid': 0, 'updateTime': 1686906270884}, {'userId': '592042554', 'groupId': '1686453431859', 'groupName': 'groupName', 'order': 1, 'valid': 0, 'updateTime': 1686906271104}, {'userId': '592042554', 'groupId': '1686461790791', 'groupName': 'groupName', 'order': 0, 'valid': 0, 'updateTime': 1686906271342}, {'userId': '592042554', 'groupId': '1686462833967', 'groupName': 'groupName', 'order': 0, 'valid': 0, 'updateTime': 1686906271591}, {'userId': '592042554', 'groupId': '1686566477651', 'groupName': 'groupName', 'order': 0, 'valid': 0, 'updateTime': 1686906271826}, {'userId': '592042554', 'groupId': '1686574195728', 'groupName': 'groupName', 'order': 1, 'valid': 0, 'updateTime': 1686906272091}, {'userId': '592042554', 'groupId': '1686574969010', 'groupName': 'groupName', 'order': 1, 'valid': 0, 'updateTime': 1686906272304}, {'userId': '592042554', 'groupId': '1686575512330', 'groupName': 'groupName', 'order': 1, 'valid': 0, 'updateTime': 1686906272506}, {'userId': '592042554', 'groupId': '1686575628618', 'groupName': 'groupName', 'order': 1, 'valid': 0, 'updateTime': 1686906272800}, {'userId': '592042554', 'groupId': '1686575696943', 'groupName': 'groupName', 'order': 1, 'valid': 0, 'updateTime': 1686906273080}, {'userId': '592042554', 'groupId': '1686576769038', 'groupName': 'groupName', 'order': 1, 'valid': 0, 'updateTime': 1686906273245}, {'userId': '592042554', 'groupId': '1686581695055', 'groupName': 'groupName', 'order': 0, 'valid': 0, 'updateTime': 1686906273530}, {'userId': '592042554', 'groupId': '1686587044455', 'groupName': 'groupName', 'order': 0, 'valid': 0, 'updateTime': 1686906273757}, {'userId': '592042554', 'groupId': '1686631506779', 'groupName': 'groupName', 'order': 0, 'valid': 0, 'updateTime': 1686906273961}, {'userId': '592042554', 'groupId': '1686646675223', 'groupName': 'groupName', 'order': 0, 'valid': 0, 'updateTime': 1686906274216}, {'userId': '592042554', 'groupId': '1686649256284', 'groupName': 'groupName', 'order': 0, 'valid': 0, 'updateTime': 1686906274458}, {'userId': '592042554', 'groupId': '1686903997552', 'groupName': 'groupName', 'order': 1, 'valid': 0, 'updateTime': 1686906274671}, {'userId': '592042554', 'groupId': '1686904074710', 'groupName': 'groupName', 'order': 1, 'valid': 0, 'updateTime': 1686906274863}, {'userId': '592042554', 'groupId': '1686904511973', 'groupName': 'groupName', 'order': 1, 'valid': 0, 'updateTime': 1686906275083}, {'userId': '592042554', 'groupId': '1686904757584', 'groupName': 'groupName', 'order': 1, 'valid': 0, 'updateTime': 1686906275287}, {'userId': '592042554', 'groupId': '1686904986122', 'groupName': 'groupName', 'order': 1, 'valid': 0, 'updateTime': 1686906275521}, {'userId': '592042554', 'groupId': '1686905371127', 'groupName': 'groupName', 'order': 1, 'valid': 0, 'updateTime': 1686906275787}, {'userId': '592042554', 'groupId': '1686906276199', 'groupName': 'groupName', 'order': 1, 'valid': 1, 'updateTime': 1686906277592}], 'requestTime': 1686906371179}
[INFO]delete_notegroup.py:34-17:06:21.684-删除分组:{'responseTime': 27}
[INFO]logs_create.py:54-17:06:21.698----------------------------------------------------
[INFO]logs_create.py:58-17:06:21.715-TestCase: testCase_major of class NotesvrGetNotegrouplevel1
[INFO]logs_create.py:59-17:06:21.734-Describe: "获取分组列表主流程
[INFO]test_level1.py:35-17:06:21.746-用户A新增分组便签
[INFO]test_level1.py:37-17:06:23.552-['1686906381770', '1686906382363', '1686906382926']
[INFO]test_level1.py:39-17:06:23.583-获取分组列表主流程
[INFO]request_demo.py:25-17:06:23.617-requests url :http://note-api.wps.cn/v3/notesvr/get/notegroup
[INFO]request_demo.py:26-17:06:23.656-requests body: {"excludeInvalid": "true"}
[INFO]request_demo.py:27-17:06:23.696-requests headers :{'x-user-key': '592042554', 'Content-Type': 'application/json', 'Cookie': 'wps_sid=V02SZu4lpjf3DiylsVpoHLOTVee43F000a5a681c002349da3a'}
[INFO]request_demo.py:29-17:06:23.840-res code :200
[INFO]request_demo.py:30-17:06:23.851-res body :{"noteGroups":[{"userId":"592042554","groupId":"1686028597545","groupName":"groupName","order":1,"valid":0,"updateTime":1686906371394},{"userId":"592042554","groupId":"1686028658331","groupName":"groupName","order":1,"valid":0,"updateTime":1686906371571},{"userId":"592042554","groupId":"1686028678054","groupName":"groupName","order":1,"valid":0,"updateTime":1686906371748},{"userId":"592042554","groupId":"1686028750086","groupName":"groupName","order":1,"valid":0,"updateTime":1686906371997},{"userId":"592042554","groupId":"1686028757496","groupName":"groupName","order":1,"valid":0,"updateTime":1686906372193},{"userId":"592042554","groupId":"1686028996580","groupName":"groupName","order":1,"valid":0,"updateTime":1686906372439},{"userId":"592042554","groupId":"1686029350468","groupName":"groupName","order":1,"valid":0,"updateTime":1686906372656},{"userId":"592042554","groupId":"1686029465428","groupName":"groupName","order":1,"valid":0,"updateTime":1686906372837},{"userId":"592042554","groupId":"1686029542486","groupName":"groupName","order":1,"valid":0,"updateTime":1686906373057},{"userId":"592042554","groupId":"1686032466000","groupName":"groupName","order":1,"valid":0,"updateTime":1686906373282},{"userId":"592042554","groupId":"1686032515218","groupName":"groupName","order":1,"valid":0,"updateTime":1686906373472},{"userId":"592042554","groupId":"1686032534945","groupName":"groupName","order":1,"valid":0,"updateTime":1686906373719},{"userId":"592042554","groupId":"1686032698044","groupName":"groupName","order":1,"valid":0,"updateTime":1686906373911},{"userId":"592042554","groupId":"1686032955543","groupName":"groupName","order":1,"valid":1,"updateTime":1686032955672},{"userId":"592042554","groupId":"1686033083464","groupName":"groupName","order":1,"valid":0,"updateTime":1686906374299},{"userId":"592042554","groupId":"1686182260502","groupName":"groupName","order":1,"valid":0,"updateTime":1686906374474},{"userId":"592042554","groupId":"1686186709281","groupName":"groupName","order":1,"valid":0,"updateTime":1686906374680},{"userId":"592042554","groupId":"1686186724376","groupName":"groupName","order":1,"valid":0,"updateTime":1686906374864},{"userId":"592042554","groupId":"1686189370007","groupName":"groupName","order":1,"valid":0,"updateTime":1686906375047},{"userId":"592042554","groupId":"1686189515561","groupName":"groupName","order":1,"valid":0,"updateTime":1686906375230},{"userId":"592042554","groupId":"1686190028846","groupName":"groupName","order":1,"valid":0,"updateTime":1686906375394},{"userId":"592042554","groupId":"1686199527167","groupName":"groupName","order":1,"valid":0,"updateTime":1686906375573},{"userId":"592042554","groupId":"1686208758626","groupName":"groupName","order":1,"valid":0,"updateTime":1686906375773},{"userId":"592042554","groupId":"1686452725574","groupName":"groupName","order":0,"valid":0,"updateTime":1686906375952},{"userId":"592042554","groupId":"1686453224201","groupName":"groupName","order":0,"valid":0,"updateTime":1686906376153},{"userId":"592042554","groupId":"1686453267352","groupName":"groupName","order":1,"valid":0,"updateTime":1686906376351},{"userId":"592042554","groupId":"1686453325415","groupName":"groupName","order":1,"valid":0,"updateTime":1686906376541},{"userId":"592042554","groupId":"1686453349689","groupName":"groupName","order":0,"valid":0,"updateTime":1686906376732},{"userId":"592042554","groupId":"1686453431859","groupName":"groupName","order":1,"valid":0,"updateTime":1686906376932},{"userId":"592042554","groupId":"1686461790791","groupName":"groupName","order":0,"valid":0,"updateTime":1686906377167},{"userId":"592042554","groupId":"1686462833967","groupName":"groupName","order":0,"valid":0,"updateTime":1686906377356},{"userId":"592042554","groupId":"1686566477651","groupName":"groupName","order":0,"valid":0,"updateTime":1686906377549},{"userId":"592042554","groupId":"1686574195728","groupName":"groupName","order":1,"valid":0,"updateTime":1686906377766},{"userId":"592042554","groupId":"1686574969010","groupName":"groupName","order":1,"valid":0,"updateTime":1686906377970},{"userId":"592042554","groupId":"1686575512330","groupName":"groupName","order":1,"valid":0,"updateTime":1686906378206},{"userId":"592042554","groupId":"1686575628618","groupName":"groupName","order":1,"valid":0,"updateTime":1686906378405},{"userId":"592042554","groupId":"1686575696943","groupName":"groupName","order":1,"valid":0,"updateTime":1686906378618},{"userId":"592042554","groupId":"1686576769038","groupName":"groupName","order":1,"valid":0,"updateTime":1686906378793},{"userId":"592042554","groupId":"1686581695055","groupName":"groupName","order":0,"valid":0,"updateTime":1686906379028},{"userId":"592042554","groupId":"1686587044455","groupName":"groupName","order":0,"valid":0,"updateTime":1686906379249},{"userId":"592042554","groupId":"1686631506779","groupName":"groupName","order":0,"valid":0,"updateTime":1686906379478},{"userId":"592042554","groupId":"1686646675223","groupName":"groupName","order":0,"valid":0,"updateTime":1686906379674},{"userId":"592042554","groupId":"1686649256284","groupName":"groupName","order":0,"valid":0,"updateTime":1686906379893},{"userId":"592042554","groupId":"1686903997552","groupName":"groupName","order":1,"valid":0,"updateTime":1686906380149},{"userId":"592042554","groupId":"1686904074710","groupName":"groupName","order":1,"valid":0,"updateTime":1686906380323},{"userId":"592042554","groupId":"1686904511973","groupName":"groupName","order":1,"valid":0,"updateTime":1686906380521},{"userId":"592042554","groupId":"1686904757584","groupName":"groupName","order":1,"valid":0,"updateTime":1686906380691},{"userId":"592042554","groupId":"1686904986122","groupName":"groupName","order":1,"valid":0,"updateTime":1686906380891},{"userId":"592042554","groupId":"1686905371127","groupName":"groupName","order":1,"valid":0,"updateTime":1686906381078},{"userId":"592042554","groupId":"1686906276199","groupName":"groupName","order":1,"valid":0,"updateTime":1686906381329},{"userId":"592042554","groupId":"1686906381746","groupName":"groupName","order":1,"valid":1,"updateTime":1686906382781}],"requestTime":1686906383514}
[INFO]test_level1.py:49-17:06:23.867-清空该用户所有便签
[INFO]test_level1.py:52-17:06:24.136-清空该用户所有分组
[INFO]delete_notegroup.py:33-17:06:34.877-该用户获取的比便签列表:{'noteGroups': [{'userId': '592042554', 'groupId': '1686028597545', 'groupName': 'groupName', 'order': 1, 'valid': 0, 'updateTime': 1686906371394}, {'userId': '592042554', 'groupId': '1686028658331', 'groupName': 'groupName', 'order': 1, 'valid': 0, 'updateTime': 1686906371571}, {'userId': '592042554', 'groupId': '1686028678054', 'groupName': 'groupName', 'order': 1, 'valid': 0, 'updateTime': 1686906371748}, {'userId': '592042554', 'groupId': '1686028750086', 'groupName': 'groupName', 'order': 1, 'valid': 0, 'updateTime': 1686906371997}, {'userId': '592042554', 'groupId': '1686028757496', 'groupName': 'groupName', 'order': 1, 'valid': 0, 'updateTime': 1686906372193}, {'userId': '592042554', 'groupId': '1686028996580', 'groupName': 'groupName', 'order': 1, 'valid': 0, 'updateTime': 1686906372439}, {'userId': '592042554', 'groupId': '1686029350468', 'groupName': 'groupName', 'order': 1, 'valid': 0, 'updateTime': 1686906372656}, {'userId': '592042554', 'groupId': '1686029465428', 'groupName': 'groupName', 'order': 1, 'valid': 0, 'updateTime': 1686906372837}, {'userId': '592042554', 'groupId': '1686029542486', 'groupName': 'groupName', 'order': 1, 'valid': 0, 'updateTime': 1686906373057}, {'userId': '592042554', 'groupId': '1686032466000', 'groupName': 'groupName', 'order': 1, 'valid': 0, 'updateTime': 1686906373282}, {'userId': '592042554', 'groupId': '1686032515218', 'groupName': 'groupName', 'order': 1, 'valid': 0, 'updateTime': 1686906373472}, {'userId': '592042554', 'groupId': '1686032534945', 'groupName': 'groupName', 'order': 1, 'valid': 0, 'updateTime': 1686906373719}, {'userId': '592042554', 'groupId': '1686032698044', 'groupName': 'groupName', 'order': 1, 'valid': 0, 'updateTime': 1686906373911}, {'userId': '592042554', 'groupId': '1686032955543', 'groupName': 'groupName', 'order': 1, 'valid': 1, 'updateTime': 1686032955672}, {'userId': '592042554', 'groupId': '1686033083464', 'groupName': 'groupName', 'order': 1, 'valid': 0, 'updateTime': 1686906374299}, {'userId': '592042554', 'groupId': '1686182260502', 'groupName': 'groupName', 'order': 1, 'valid': 0, 'updateTime': 1686906374474}, {'userId': '592042554', 'groupId': '1686186709281', 'groupName': 'groupName', 'order': 1, 'valid': 0, 'updateTime': 1686906374680}, {'userId': '592042554', 'groupId': '1686186724376', 'groupName': 'groupName', 'order': 1, 'valid': 0, 'updateTime': 1686906374864}, {'userId': '592042554', 'groupId': '1686189370007', 'groupName': 'groupName', 'order': 1, 'valid': 0, 'updateTime': 1686906375047}, {'userId': '592042554', 'groupId': '1686189515561', 'groupName': 'groupName', 'order': 1, 'valid': 0, 'updateTime': 1686906375230}, {'userId': '592042554', 'groupId': '1686190028846', 'groupName': 'groupName', 'order': 1, 'valid': 0, 'updateTime': 1686906375394}, {'userId': '592042554', 'groupId': '1686199527167', 'groupName': 'groupName', 'order': 1, 'valid': 0, 'updateTime': 1686906375573}, {'userId': '592042554', 'groupId': '1686208758626', 'groupName': 'groupName', 'order': 1, 'valid': 0, 'updateTime': 1686906375773}, {'userId': '592042554', 'groupId': '1686452725574', 'groupName': 'groupName', 'order': 0, 'valid': 0, 'updateTime': 1686906375952}, {'userId': '592042554', 'groupId': '1686453224201', 'groupName': 'groupName', 'order': 0, 'valid': 0, 'updateTime': 1686906376153}, {'userId': '592042554', 'groupId': '1686453267352', 'groupName': 'groupName', 'order': 1, 'valid': 0, 'updateTime': 1686906376351}, {'userId': '592042554', 'groupId': '1686453325415', 'groupName': 'groupName', 'order': 1, 'valid': 0, 'updateTime': 1686906376541}, {'userId': '592042554', 'groupId': '1686453349689', 'groupName': 'groupName', 'order': 0, 'valid': 0, 'updateTime': 1686906376732}, {'userId': '592042554', 'groupId': '1686453431859', 'groupName': 'groupName', 'order': 1, 'valid': 0, 'updateTime': 1686906376932}, {'userId': '592042554', 'groupId': '1686461790791', 'groupName': 'groupName', 'order': 0, 'valid': 0, 'updateTime': 1686906377167}, {'userId': '592042554', 'groupId': '1686462833967', 'groupName': 'groupName', 'order': 0, 'valid': 0, 'updateTime': 1686906377356}, {'userId': '592042554', 'groupId': '1686566477651', 'groupName': 'groupName', 'order': 0, 'valid': 0, 'updateTime': 1686906377549}, {'userId': '592042554', 'groupId': '1686574195728', 'groupName': 'groupName', 'order': 1, 'valid': 0, 'updateTime': 1686906377766}, {'userId': '592042554', 'groupId': '1686574969010', 'groupName': 'groupName', 'order': 1, 'valid': 0, 'updateTime': 1686906377970}, {'userId': '592042554', 'groupId': '1686575512330', 'groupName': 'groupName', 'order': 1, 'valid': 0, 'updateTime': 1686906378206}, {'userId': '592042554', 'groupId': '1686575628618', 'groupName': 'groupName', 'order': 1, 'valid': 0, 'updateTime': 1686906378405}, {'userId': '592042554', 'groupId': '1686575696943', 'groupName': 'groupName', 'order': 1, 'valid': 0, 'updateTime': 1686906378618}, {'userId': '592042554', 'groupId': '1686576769038', 'groupName': 'groupName', 'order': 1, 'valid': 0, 'updateTime': 1686906378793}, {'userId': '592042554', 'groupId': '1686581695055', 'groupName': 'groupName', 'order': 0, 'valid': 0, 'updateTime': 1686906379028}, {'userId': '592042554', 'groupId': '1686587044455', 'groupName': 'groupName', 'order': 0, 'valid': 0, 'updateTime': 1686906379249}, {'userId': '592042554', 'groupId': '1686631506779', 'groupName': 'groupName', 'order': 0, 'valid': 0, 'updateTime': 1686906379478}, {'userId': '592042554', 'groupId': '1686646675223', 'groupName': 'groupName', 'order': 0, 'valid': 0, 'updateTime': 1686906379674}, {'userId': '592042554', 'groupId': '1686649256284', 'groupName': 'groupName', 'order': 0, 'valid': 0, 'updateTime': 1686906379893}, {'userId': '592042554', 'groupId': '1686903997552', 'groupName': 'groupName', 'order': 1, 'valid': 0, 'updateTime': 1686906380149}, {'userId': '592042554', 'groupId': '1686904074710', 'groupName': 'groupName', 'order': 1, 'valid': 0, 'updateTime': 1686906380323}, {'userId': '592042554', 'groupId': '1686904511973', 'groupName': 'groupName', 'order': 1, 'valid': 0, 'updateTime': 1686906380521}, {'userId': '592042554', 'groupId': '1686904757584', 'groupName': 'groupName', 'order': 1, 'valid': 0, 'updateTime': 1686906380691}, {'userId': '592042554', 'groupId': '1686904986122', 'groupName': 'groupName', 'order': 1, 'valid': 0, 'updateTime': 1686906380891}, {'userId': '592042554', 'groupId': '1686905371127', 'groupName': 'groupName', 'order': 1, 'valid': 0, 'updateTime': 1686906381078}, {'userId': '592042554', 'groupId': '1686906276199', 'groupName': 'groupName', 'order': 1, 'valid': 0, 'updateTime': 1686906381329}, {'userId': '592042554', 'groupId': '1686906381746', 'groupName': 'groupName', 'order': 1, 'valid': 1, 'updateTime': 1686906382781}], 'requestTime': 1686906384118}
[INFO]delete_notegroup.py:34-17:06:34.894-删除分组:{'responseTime': 27}
